<?xml version="1.0" encoding="UTF-8"?>
<!-- Generated by org.testng.reporters.JUnitXMLReporter -->
<testsuite ignored="0" hostname="DESKTOP-T2MM1GM" failures="1" tests="1" name="Test-edgee" time="11.621" errors="0" timestamp="2023-03-26T18:43:02 IST">
  <testcase classname="com.google.search.GoogleSearchEngine" name="googleSearch" time="4.688">
    <failure type="java.lang.AssertionError" message="expected [https://www.selenium.dev/] but found [https://www.google.com/search?q=Selenium&amp;amp;source=hp&amp;amp;ei=2EQgZIDWDKGh1e8PhJurgAo&amp;amp;iflsig=AOEireoAAAAAZCBS6CTPBYldpWWNDWmgSqDwrPvTZ2LH&amp;amp;ved=0ahUKEwiAovCT1vn9AhWhUPUHHYTNCqAQ4dUDCAg&amp;amp;oq=Selenium&amp;amp;gs_lcp=Cgdnd3Mtd2l6EAwyCAgAEIAEELEDMgsIABCABBCxAxCDATIICAAQgAQQsQMyCwgAEIAEELEDEIMBMggIABCABBCxAzIICAAQgAQQsQMyCAgAEIAEELEDMggIABCABBCxAzIICAAQgAQQsQMyCAgAEIAEELEDOgsILhCDARCxAxCABDoLCAAQigUQsQMQgwFQAFgqYIUGaABwAHgAgAGUAogB4AaSAQUwLjIuMpgBAKABAQ&amp;amp;sclient=gws-wiz]">
      <![CDATA[java.lang.AssertionError: expected [https://www.selenium.dev/] but found [https://www.google.com/search?q=Selenium&source=hp&ei=2EQgZIDWDKGh1e8PhJurgAo&iflsig=AOEireoAAAAAZCBS6CTPBYldpWWNDWmgSqDwrPvTZ2LH&ved=0ahUKEwiAovCT1vn9AhWhUPUHHYTNCqAQ4dUDCAg&oq=Selenium&gs_lcp=Cgdnd3Mtd2l6EAwyCAgAEIAEELEDMgsIABCABBCxAxCDATIICAAQgAQQsQMyCwgAEIAEELEDEIMBMggIABCABBCxAzIICAAQgAQQsQMyCAgAEIAEELEDMggIABCABBCxAzIICAAQgAQQsQMyCAgAEIAEELEDOgsILhCDARCxAxCABDoLCAAQigUQsQMQgwFQAFgqYIUGaABwAHgAgAGUAogB4AaSAQUwLjIuMpgBAKABAQ&sclient=gws-wiz]
at com.google.search.GoogleSearchEngine.googleSearch(GoogleSearchEngine.java:78)
at java.base/java.util.ArrayList.forEach(ArrayList.java:1511)
... Removed 33 stack frames]]>
    </failure>
  </testcase> <!-- googleSearch -->
</testsuite> <!-- Test-edgee -->
